Building package radiod version 8.2 Architecture 64-bit
from input file piradio
[1mdpkg-buildpackage: [0m[32minfo[0m: source package radiod
[1mdpkg-buildpackage: [0m[32minfo[0m: source version 8.2
[1mdpkg-buildpackage: [0m[32minfo[0m: source distribution unstable
[1mdpkg-buildpackage: [0m[32minfo[0m: source changed by Bob Rathbone <bob@bobrathbone.com>
[1mdpkg-buildpackage: [0m[32minfo[0m: host architecture arm64
dh clean
   dh_clean
dh binary
   dh_update_autotools_config
   dh_autoreconf
   create-stamp debian/debhelper-build-stamp
   dh_prep
   dh_auto_install --destdir=debian/radiod/
   dh_install
   dh_installdocs
   dh_installchangelogs
   dh_installsystemd
   dh_perl
   dh_link
   dh_strip_nondeterminism
   dh_compress
   dh_fixperms
   dh_missing
   dh_installdeb
   dh_gencontrol
   dh_md5sums
   dh_builddeb
dpkg-deb: building package 'radiod' in '../radiod_8.2_all.deb'.
[1mdpkg-genchanges: [0m[32minfo[0m: binary-only upload (no source code included)
[1mdpkg-buildpackage: [0m[32minfo[0m: binary-only upload (no source included)

The package has been created.
Attention, the package has been created in the current directory,
not in ".." as indicated by the message above!
